TN:
SF:src/constants/routes.js
FN:13,(anonymous_0)
FNF:1
FNH:1
FNDA:73,(anonymous_0)
DA:6,6
DA:13,6
DA:14,73
DA:16,19
DA:18,20
DA:20,21
DA:22,12
DA:24,1
LF:8
LH:8
BRDA:14,0,0,19
BRDA:14,0,1,20
BRDA:14,0,2,21
BRDA:14,0,3,12
BRDA:14,0,4,1
BRF:5
BRH:5
end_of_record
TN:
SF:src/constants/usersTest.js
FNF:0
FNH:0
LF:0
LH:0
BRF:0
BRH:0
end_of_record
TN:
SF:src/containers/Bills.js
FN:6,(anonymous_0)
FN:13,(anonymous_1)
FN:14,(anonymous_2)
FN:19,(anonymous_3)
FN:23,(anonymous_4)
FN:30,(anonymous_5)
FN:35,(anonymous_6)
FN:37,(anonymous_7)
FNF:8
FNH:8
FNDA:30,(anonymous_0)
FNDA:40,(anonymous_1)
FNDA:8,(anonymous_2)
FNDA:6,(anonymous_3)
FNDA:12,(anonymous_4)
FNDA:15,(anonymous_5)
FNDA:13,(anonymous_6)
FNDA:52,(anonymous_7)
DA:7,30
DA:8,30
DA:9,30
DA:10,30
DA:11,30
DA:12,30
DA:13,30
DA:14,40
DA:16,30
DA:19,30
DA:20,6
DA:23,30
DA:24,12
DA:25,12
DA:26,12
DA:27,12
DA:30,30
DA:31,15
DA:32,15
DA:36,13
DA:38,52
DA:39,52
DA:47,0
DA:48,0
DA:55,13
DA:57,13
LF:26
LH:24
BRDA:11,0,0,9
BRDA:11,0,1,21
BRDA:13,1,0,30
BRDA:13,1,1,0
BRDA:27,2,0,0
BRDA:27,2,1,12
BRDA:31,3,0,15
BRDA:31,3,1,0
BRF:8
BRH:5
end_of_record
TN:
SF:src/containers/Dashboard.js
FN:8,(anonymous_0)
FN:10,(anonymous_1)
FN:30,(anonymous_2)
FN:55,(anonymous_3)
FN:56,(anonymous_4)
FN:59,(anonymous_5)
FN:71,(anonymous_6)
FN:75,(anonymous_7)
FN:76,(anonymous_8)
FN:77,(anonymous_9)
FN:81,(anonymous_10)
FN:88,(anonymous_11)
FN:92,(anonymous_12)
FN:109,(anonymous_13)
FN:110,(anonymous_14)
FN:116,(anonymous_15)
FN:126,(anonymous_16)
FN:136,(anonymous_17)
FN:150,(anonymous_18)
FN:151,(anonymous_19)
FN:160,(anonymous_20)
FN:165,(anonymous_21)
FN:167,(anonymous_22)
FN:175,(anonymous_23)
FNF:24
FNH:19
FNDA:44,(anonymous_0)
FNDA:104,(anonymous_1)
FNDA:6,(anonymous_2)
FNDA:6,(anonymous_3)
FNDA:6,(anonymous_4)
FNDA:5,(anonymous_5)
FNDA:14,(anonymous_6)
FNDA:0,(anonymous_7)
FNDA:0,(anonymous_8)
FNDA:0,(anonymous_9)
FNDA:1,(anonymous_10)
FNDA:3,(anonymous_11)
FNDA:8,(anonymous_12)
FNDA:0,(anonymous_13)
FNDA:0,(anonymous_14)
FNDA:1,(anonymous_15)
FNDA:1,(anonymous_16)
FNDA:5,(anonymous_17)
FNDA:20,(anonymous_18)
FNDA:3,(anonymous_19)
FNDA:5,(anonymous_20)
FNDA:3,(anonymous_21)
FNDA:12,(anonymous_22)
FNDA:2,(anonymous_23)
DA:8,6
DA:9,44
DA:14,104
DA:15,104
DA:26,104
DA:30,6
DA:31,6
DA:32,6
DA:34,6
DA:37,6
DA:55,6
DA:56,6
DA:59,6
DA:60,5
DA:62,3
DA:64,1
DA:66,1
DA:72,14
DA:73,14
DA:74,14
DA:75,14
DA:76,14
DA:77,14
DA:78,14
DA:81,14
DA:82,1
DA:83,1
DA:84,1
DA:85,1
DA:89,3
DA:90,3
DA:91,3
DA:92,2
DA:93,8
DA:95,2
DA:96,2
DA:97,2
DA:98,2
DA:100,1
DA:102,1
DA:105,1
DA:106,1
DA:108,3
DA:109,3
DA:110,3
DA:112,3
DA:113,0
DA:116,14
DA:117,1
DA:122,1
DA:123,1
DA:126,14
DA:127,1
DA:132,1
DA:133,1
DA:137,5
DA:138,5
DA:139,5
DA:140,5
DA:142,5
DA:144,0
DA:145,0
DA:147,0
DA:150,5
DA:151,20
DA:154,5
DA:156,0
DA:160,14
DA:161,5
DA:162,5
DA:166,3
DA:167,12
DA:173,3
DA:176,2
LF:74
LH:69
BRDA:9,0,0,26
BRDA:9,0,1,18
BRDA:9,1,0,44
BRDA:9,1,1,26
BRDA:14,2,0,104
BRDA:14,2,1,0
BRDA:32,3,0,0
BRDA:32,3,1,6
BRDA:34,4,0,0
BRDA:34,4,1,6
BRDA:56,5,0,5
BRDA:56,5,1,1
BRDA:56,6,0,6
BRDA:56,6,1,6
BRDA:60,7,0,3
BRDA:60,7,1,1
BRDA:60,7,2,1
BRDA:85,8,0,0
BRDA:85,8,1,1
BRDA:89,9,0,2
BRDA:89,9,1,1
BRDA:89,10,0,3
BRDA:89,10,1,1
BRDA:90,11,0,2
BRDA:90,11,1,1
BRDA:90,12,0,3
BRDA:90,12,1,1
BRDA:91,13,0,2
BRDA:91,13,1,1
BRDA:137,14,0,5
BRDA:137,14,1,0
BRDA:137,15,0,5
BRDA:137,15,1,2
BRDA:138,16,0,5
BRDA:138,16,1,0
BRDA:161,17,0,5
BRDA:161,17,1,0
BRF:37
BRH:30
end_of_record
TN:
SF:src/containers/Login.js
FN:7,(anonymous_0)
FN:18,(anonymous_1)
FN:29,(anonymous_2)
FN:31,(anonymous_3)
FN:40,(anonymous_4)
FN:51,(anonymous_5)
FN:53,(anonymous_6)
FN:62,(anonymous_7)
FN:68,(anonymous_8)
FN:77,(anonymous_9)
FN:87,(anonymous_10)
FNF:11
FNH:5
FNDA:5,(anonymous_0)
FNDA:2,(anonymous_1)
FNDA:0,(anonymous_2)
FNDA:2,(anonymous_3)
FNDA:2,(anonymous_4)
FNDA:0,(anonymous_5)
FNDA:2,(anonymous_6)
FNDA:0,(anonymous_7)
FNDA:0,(anonymous_8)
FNDA:0,(anonymous_9)
FNDA:0,(anonymous_10)
DA:3,4
DA:8,5
DA:9,5
DA:10,5
DA:11,5
DA:12,5
DA:13,5
DA:14,5
DA:15,5
DA:16,5
DA:18,5
DA:19,2
DA:20,2
DA:26,2
DA:27,2
DA:29,0
DA:32,2
DA:33,2
DA:34,2
DA:35,2
DA:40,5
DA:41,2
DA:42,2
DA:48,2
DA:49,2
DA:51,0
DA:54,2
DA:55,2
DA:56,2
DA:57,2
DA:62,5
DA:63,0
DA:64,0
DA:69,0
DA:72,0
DA:77,5
DA:78,0
DA:79,0
DA:88,0
DA:89,0
DA:92,0
LF:41
LH:30
BRDA:63,0,0,0
BRDA:63,0,1,0
BRDA:78,1,0,0
BRDA:78,1,1,0
BRF:4
BRH:0
end_of_record
TN:
SF:src/containers/Logout.js
FN:4,(anonymous_0)
FN:11,(anonymous_1)
FNF:2
FNH:2
FNDA:64,(anonymous_0)
FNDA:2,(anonymous_1)
DA:5,64
DA:6,64
DA:7,64
DA:8,64
DA:11,64
DA:12,2
DA:13,2
LF:7
LH:7
BRF:0
BRH:0
end_of_record
TN:
SF:src/containers/NewBill.js
FN:5,(anonymous_0)
FN:18,(anonymous_1)
FN:40,(anonymous_2)
FN:45,(anonymous_3)
FN:51,(anonymous_4)
FNF:5
FNH:3
FNDA:19,(anonymous_0)
FNDA:2,(anonymous_1)
FNDA:0,(anonymous_2)
FNDA:0,(anonymous_3)
FNDA:3,(anonymous_4)
DA:6,19
DA:7,19
DA:8,19
DA:9,19
DA:10,19
DA:11,19
DA:12,19
DA:13,19
DA:14,19
DA:15,19
DA:16,19
DA:18,19
DA:19,2
DA:20,2
DA:21,2
DA:22,2
DA:23,2
DA:24,2
DA:25,2
DA:26,2
DA:27,2
DA:28,2
DA:31,2
DA:32,0
DA:41,0
DA:42,0
DA:43,0
DA:44,0
DA:45,0
DA:47,2
DA:48,2
DA:51,19
DA:52,3
DA:53,3
DA:54,3
DA:55,3
DA:68,3
DA:69,3
LF:38
LH:32
BRDA:31,0,0,0
BRDA:31,0,1,2
BRDA:62,1,0,3
BRDA:62,1,1,3
BRF:4
BRH:3
end_of_record
TN:
SF:src/views/Actions.js
FN:4,(anonymous_0)
FNF:1
FNH:1
FNDA:58,(anonymous_0)
DA:5,58
LF:1
LH:1
BRF:0
BRH:0
end_of_record
TN:
SF:src/views/BillsUI.js
FN:7,(anonymous_0)
FN:22,(anonymous_1)
FN:23,(anonymous_2)
FN:26,(anonymous_3)
FN:28,(anonymous_4)
FNF:5
FNH:5
FNDA:56,(anonymous_0)
FNDA:17,(anonymous_1)
FNDA:56,(anonymous_2)
FNDA:35,(anonymous_3)
FNDA:17,(anonymous_4)
DA:7,6
DA:8,56
DA:22,6
DA:23,56
DA:28,35
DA:45,35
DA:46,16
DA:47,19
DA:48,2
DA:51,17
LF:10
LH:10
BRDA:23,0,0,14
BRDA:23,0,1,3
BRDA:23,1,0,17
BRDA:23,1,1,15
BRDA:45,2,0,16
BRDA:45,2,1,19
BRDA:47,3,0,2
BRDA:47,3,1,17
BRF:8
BRH:8
end_of_record
TN:
SF:src/views/DashboardFormUI.js
FN:7,(anonymous_0)
FN:24,(anonymous_1)
FNF:2
FNH:2
FNDA:9,(anonymous_0)
FNDA:9,(anonymous_1)
DA:7,9
DA:26,9
LF:2
LH:2
BRDA:79,0,0,6
BRDA:79,0,1,3
BRDA:92,1,0,6
BRDA:92,1,1,3
BRF:4
BRH:4
end_of_record
TN:
SF:src/views/DashboardUI.js
FN:8,(anonymous_0)
FNF:1
FNH:1
FNDA:21,(anonymous_0)
DA:10,21
DA:11,6
DA:12,15
DA:13,3
DA:16,12
LF:5
LH:5
BRDA:10,0,0,6
BRDA:10,0,1,15
BRDA:12,1,0,3
BRDA:12,1,1,12
BRDA:22,2,0,12
BRDA:22,2,1,7
BRDA:29,3,0,12
BRDA:29,3,1,7
BRDA:36,4,0,12
BRDA:36,4,1,7
BRF:10
BRH:10
end_of_record
TN:
SF:src/views/ErrorPage.js
FN:3,(anonymous_0)
FNF:1
FNH:1
FNDA:7,(anonymous_0)
DA:4,7
LF:1
LH:1
BRDA:12,0,0,6
BRDA:12,0,1,1
BRF:2
BRH:2
end_of_record
TN:
SF:src/views/LoadingPage.js
FN:3,(anonymous_0)
FNF:1
FNH:1
FNDA:23,(anonymous_0)
DA:5,23
LF:1
LH:1
BRF:0
BRH:0
end_of_record
TN:
SF:src/views/LoginUI.js
FN:2,(anonymous_0)
FNF:1
FNH:1
FNDA:26,(anonymous_0)
DA:4,26
LF:1
LH:1
BRF:0
BRH:0
end_of_record
TN:
SF:src/views/NewBillUI.js
FN:3,(anonymous_0)
FNF:1
FNH:1
FNDA:28,(anonymous_0)
DA:5,28
LF:1
LH:1
BRF:0
BRH:0
end_of_record
TN:
SF:src/views/VerticalLayout.js
FN:5,(anonymous_0)
FNF:1
FNH:1
FNDA:88,(anonymous_0)
DA:7,88
DA:8,88
DA:9,75
DA:11,88
DA:12,59
DA:29,29
LF:6
LH:6
BRDA:8,0,0,75
BRDA:8,0,1,13
BRDA:11,1,0,59
BRDA:11,1,1,29
BRDA:11,2,0,88
BRDA:11,2,1,75
BRF:6
BRH:6
end_of_record
